<?xml version="1.0" encoding="UTF-8"?>
<Site BuildName="(empty)"
	BuildStamp="20250116-0809-Experimental"
	Name="Fardin"
	Generator="ctest-3.22.1"
	CompilerName="/usr/bin/g++"
	CompilerVersion="11.4.0"
	OSName="Linux"
	Hostname="Fardin"
	OSRelease="6.8.0-50-generic"
	OSVersion="#51~22.04.1-Ubuntu SMP PREEMPT_DYNAMIC Thu Nov 21 12:03:03 UTC 2"
	OSPlatform="x86_64"
	Is64Bits="1"
	VendorString="GenuineIntel"
	VendorID="Intel Corporation"
	FamilyID="6"
	ModelID="191"
	ProcessorCacheSize="24576"
	NumberOfLogicalCPU="20"
	NumberOfPhysicalCPU="14"
	TotalVirtualMemory="4687"
	TotalPhysicalMemory="15757"
	LogicalProcessorsPerPhysical="1"
	ProcessorClockFrequency="4501.2"
	>
	<Testing>
		<StartDateTime>Jan 16 14:09 +06</StartDateTime>
		<StartTestTime>1737014968</StartTestTime>
		<TestList/>
		<EndDateTime>Jan 16 14:09 +06</EndDateTime>
		<EndTestTime>1737014968</EndTestTime>
		<ElapsedMinutes>0</ElapsedMinutes>
	</Testing>
</Site>
